extern int printf (const char *__restrict __format, ...);
           ^
buggy_code2.c:51:18: error: incompatible pointer to integer conversion assigning to 'int' from 'int [count]'
      [-Werror,-Wint-conversion]
            b[k] = a k];
                 ^ ~
buggy_code2.c:51:21: error: expected ';' after expression
            b[k] = a k];
                    ^
                    ;
buggy_code2.c:51:23: error: extraneous ']' before ';'
            b[k] = a k];
                      ^
buggy_code2.c:51:22: error: expression result unused [-Werror,-Wunused-value]
            b[k] = a k];
                     ^
buggy_code2.c:88:35: error: division by zero is undefined [-Werror,-Wdivision-by-zero]
                number2 = number2 / 0;
                                  ^ ~
7 errors generated.
make: *** [buggy_code2] Error 1
jharvard@appliance (~/cs280r-fp/tests): clear

jharvard@appliance (~/cs280r-fp/tests): make buggy_code1
clang -ggdb3 -O0 -std=c99 -Wall -Werror    buggy_code1.c  -lcs50 -lm -o buggy_code1
buggy_code1.c:18:5: error: implicitly declaring library function 'printf' with type 'int (const char *, ...)'
      [-Werror]
    printf("Enter positive integer values for the following: \n");
    ^
buggy_code1.c:18:5: note: please include the header <stdio.h> or explicitly provide a declaration for
      'printf'
buggy_code1.c:35:20: error: expected expression
            printf(%d, "Wrong input. Please Retry:");
                   ^
buggy_code1.c:35:21: error: use of undeclared identifier 'd'
            printf(%d, "Wrong input. Please Retry:");
                    ^
buggy_code1.c:49:23: error: expected ';' after expression
        fsf = GetInt()
                      ^
                      ;
buggy_code1.c:116:1: error: expected '}'
^
buggy_code1.c:16:1: note: to match this '{'
{
^
5 errors generated.
make: *** [buggy_code1] Error 1
jharvard@appliance (~/cs280r-fp/tests): make buggy_code1
clang -ggdb3 -O0 -std=c99 -Wall -Werror    buggy_code1.c  -lcs50 -lm -o buggy_code1
buggy_code1.c:36:20: error: expected expression
            printf(%d, "Wrong input. Please Retry:");
                   ^
buggy_code1.c:36:21: error: use of undeclared identifier 'd'
            printf(%d, "Wrong input. Please Retry:");
                    ^
buggy_code1.c:50:23: error: expected ';' after expression
        fsf = GetInt()
                      ^
                      ;
buggy_code1.c:117:1: error: expected '}'
^
buggy_code1.c:17:1: note: to match this '{'
{
^
4 errors generated.
make: *** [buggy_code1] Error 1
jharvard@appliance (~/cs280r-fp/tests): make buggy_code1
clang -ggdb3 -O0 -std=c99 -Wall -Werror    buggy_code1.c  -lcs50 -lm -o buggy_code1
buggy_code1.c:50:23: error: expected ';' after expression
        fsf = GetInt()
                      ^
                      ;
buggy_code1.c:117:1: error: expected '}'
^
buggy_code1.c:17:1: note: to match this '{'
{
^
2 errors generated.
make: *** [buggy_code1] Error 1
jharvard@appliance (~/cs280r-fp/tests): make buggy_code1
clang -ggdb3 -O0 -std=c99 -Wall -Werror    buggy_code1.c  -lcs50 -lm -o buggy_code1
buggy_code1.c:117:1: error: expected '}'
^
buggy_code1.c:17:1: note: to match this '{'
{
^
1 error generated.
make: *** [buggy_code1] Error 1
jharvard@appliance (~/cs280r-fp/tests): make buggy_code1
clang -ggdb3 -O0 -std=c99 -Wall -Werror    buggy_code1.c  -lcs50 -lm -o buggy_code1
buggy_code1.c:23:42: error: unused variable 'total' [-Werror,-Wunused-variable]
    int msf = 0,fsm = 0,fsf = 0,msm = 0, total = 0;
                                         ^
1 error generated.
make: *** [buggy_code1] Error 1
jharvard@appliance (~/cs280r-fp/tests): make buggy_code1
clang -ggdb3 -O0 -std=c99 -Wall -Werror    buggy_code1.c  -lcs50 -lm -o buggy_code1
jharvard@appliance (~/cs280r-fp/tests): cd "/home/jharvard/cs280r-fp/tests"
jharvard@appliance (~/cs280r-fp/tests): 

